Performing C SOURCE FILE Test CMAKE_HAVE_LIBC_PTHREAD failed with the following output:
Change Dir: /home/lajos/catkin_ws/src/build/CMakeFiles/CMakeTmp

Run Build Command(s):/usr/bin/make cmTC_c2f0b/fast && /usr/bin/make -f CMakeFiles/cmTC_c2f0b.dir/build.make CMakeFiles/cmTC_c2f0b.dir/build
make[1]: Verzeichnis „/home/lajos/catkin_ws/src/build/CMakeFiles/CMakeTmp“ wird betreten
Building C object CMakeFiles/cmTC_c2f0b.dir/src.c.o
/usr/bin/gcc   -DCMAKE_HAVE_LIBC_PTHREAD   -o CMakeFiles/cmTC_c2f0b.dir/src.c.o   -c /home/lajos/catkin_ws/src/build/CMakeFiles/CMakeTmp/src.c
Linking C executable cmTC_c2f0b
/usr/bin/cmake -E cmake_link_script CMakeFiles/cmTC_c2f0b.dir/link.txt --verbose=1
/usr/bin/gcc  -DCMAKE_HAVE_LIBC_PTHREAD    -rdynamic CMakeFiles/cmTC_c2f0b.dir/src.c.o  -o cmTC_c2f0b 
/usr/bin/ld: CMakeFiles/cmTC_c2f0b.dir/src.c.o: in function `main':
src.c:(.text+0x46): undefined reference to `pthread_create'
/usr/bin/ld: src.c:(.text+0x52): undefined reference to `pthread_detach'
/usr/bin/ld: src.c:(.text+0x63): undefined reference to `pthread_join'
collect2: error: ld returned 1 exit status
make[1]: *** [CMakeFiles/cmTC_c2f0b.dir/build.make:87: cmTC_c2f0b] Fehler 1
make[1]: Verzeichnis „/home/lajos/catkin_ws/src/build/CMakeFiles/CMakeTmp“ wird verlassen
make: *** [Makefile:121: cmTC_c2f0b/fast] Fehler 2


Source file was:
#include <pthread.h>

void* test_func(void* data)
{
  return data;
}

int main(void)
{
  pthread_t thread;
  pthread_create(&thread, NULL, test_func, NULL);
  pthread_detach(thread);
  pthread_join(thread, NULL);
  pthread_atfork(NULL, NULL, NULL);
  pthread_exit(NULL);

  return 0;
}

Determining if the function pthread_create exists in the pthreads failed with the following output:
Change Dir: /home/lajos/catkin_ws/src/build/CMakeFiles/CMakeTmp

Run Build Command(s):/usr/bin/make cmTC_6ffa7/fast && /usr/bin/make -f CMakeFiles/cmTC_6ffa7.dir/build.make CMakeFiles/cmTC_6ffa7.dir/build
make[1]: Verzeichnis „/home/lajos/catkin_ws/src/build/CMakeFiles/CMakeTmp“ wird betreten
Building C object CMakeFiles/cmTC_6ffa7.dir/CheckFunctionExists.c.o
/usr/bin/gcc   -DCHECK_FUNCTION_EXISTS=pthread_create   -o CMakeFiles/cmTC_6ffa7.dir/CheckFunctionExists.c.o   -c /usr/share/cmake-3.16/Modules/CheckFunctionExists.c
Linking C executable cmTC_6ffa7
/usr/bin/cmake -E cmake_link_script CMakeFiles/cmTC_6ffa7.dir/link.txt --verbose=1
/usr/bin/gcc  -DCHECK_FUNCTION_EXISTS=pthread_create    -rdynamic CMakeFiles/cmTC_6ffa7.dir/CheckFunctionExists.c.o  -o cmTC_6ffa7  -lpthreads 
/usr/bin/ld: -lpthreads kann nicht gefunden werden
collect2: error: ld returned 1 exit status
make[1]: *** [CMakeFiles/cmTC_6ffa7.dir/build.make:87: cmTC_6ffa7] Fehler 1
make[1]: Verzeichnis „/home/lajos/catkin_ws/src/build/CMakeFiles/CMakeTmp“ wird verlassen
make: *** [Makefile:121: cmTC_6ffa7/fast] Fehler 2



